<?xml version="1.0" encoding="UTF-8"?>
<testsuite xmlns:xsi="http://www.w3.org/2001/XMLSchema-instance" xsi:noNamespaceSchemaLocation="https://maven.apache.org/surefire/maven-surefire-plugin/xsd/surefire-test-report.xsd" name="battleship.BattleshipsConfigTest" time="0.023" tests="3" errors="0" skipped="0" failures="0">
  <properties>
[...]
</properties>
  <testcase name="ConfigShipSymbolsTest" classname="battleship.BattleshipsConfigTest" time="0.012"/>
  <testcase name="ConfigLifesTest" classname="battleship.BattleshipsConfigTest" time="0.001"/>
  <testcase name="ConfigFieldsAndShipsTest" classname="battleship.BattleshipsConfigTest" time="0"/>
</testsuite>